2025-05-27 21:12:22,533 | INFO | [LOG] Додаємо публікацію: Мистецтво війни
2025-05-27 21:12:22,533 | INFO | [LOG] Додаємо публікацію: Науковий журнал
2025-05-27 21:12:22,533 | INFO | [LOG] Додаємо публікацію: Берестечко
2025-05-27 21:12:22,533 | INFO | [LOG] Додаємо публікацію: Сад нетанучих скульптур
2025-05-27 21:12:22,533 | INFO | [INFO] Публікацію 'Мистецтво війни' видалено з бібліотеки.
2025-05-27 21:12:22,535 | INFO | [INFO] Бібліотека збережена у файл 'library.json'.
2025-05-27 21:12:22,551 | INFO | [INFO] Бібліотека завантажена з файлу 'library.json'.
2025-05-27 21:12:22,551 | WARNING | [WARNING] Публікація 'Мистецтво війни' не знайдена в бібліотеці.
2025-05-27 21:12:22,553 | INFO | [INFO] Бібліотека збережена у файл 'library.json'.
2025-05-27 21:12:22,553 | INFO | [INFO] Завершено роботу з файлом бібліотеки.
2025-05-27 21:12:22,554 | INFO | [LOG] Додаємо публікацію: Мистецтво війни
2025-05-27 21:12:22,555 | INFO | [INFO] Бібліотека збережена у файл 'library.json'.
2025-05-27 21:12:22,567 | INFO | [INFO] Бібліотека завантажена з файлу 'library.json'.
2025-05-27 21:12:22,569 | INFO | [INFO] Бібліотека збережена у файл 'library.json'.
2025-05-27 21:12:22,569 | INFO | [INFO] Завершено роботу з файлом бібліотеки.
2025-05-27 21:14:09,315 | INFO | [LOG] Додаємо публікацію: Мистецтво війни
2025-05-27 21:14:09,315 | INFO | [LOG] Додаємо публікацію: Науковий журнал
2025-05-27 21:14:09,315 | INFO | [LOG] Додаємо публікацію: Берестечко
2025-05-27 21:14:09,316 | INFO | [LOG] Додаємо публікацію: Сад нетанучих скульптур
2025-05-27 21:14:09,316 | INFO | [INFO] Публікацію 'Мистецтво війни' видалено з бібліотеки.
2025-05-27 21:14:09,318 | INFO | [INFO] Бібліотека збережена у файл 'library.json'.
2025-05-27 21:14:09,322 | INFO | [INFO] Бібліотека завантажена з файлу 'library.json'.
2025-05-27 21:14:09,322 | WARNING | [WARNING] Публікація 'Мистецтво війни' не знайдена в бібліотеці.
2025-05-27 21:14:09,325 | INFO | [INFO] Бібліотека збережена у файл 'library.json'.
2025-05-27 21:14:09,325 | INFO | [INFO] Завершено роботу з файлом бібліотеки.
2025-05-27 21:14:09,326 | INFO | [LOG] Додаємо публікацію: Мистецтво війни
2025-05-27 21:14:09,327 | INFO | [INFO] Бібліотека збережена у файл 'library.json'.
2025-05-27 21:14:09,330 | INFO | [INFO] Бібліотека завантажена з файлу 'library.json'.
2025-05-27 21:14:09,332 | INFO | [INFO] Бібліотека збережена у файл 'library.json'.
2025-05-27 21:14:09,332 | INFO | [INFO] Завершено роботу з файлом бібліотеки.
2025-05-31 13:43:05,888 | INFO | [LOG] Додаємо публікацію: Мистецтво війни
2025-05-31 13:43:05,888 | INFO | [LOG] Додаємо публікацію: Науковий журнал
2025-05-31 13:43:05,888 | INFO | [LOG] Додаємо публікацію: Берестечко
2025-05-31 13:43:05,889 | INFO | [LOG] Додаємо публікацію: Сад нетанучих скульптур
2025-05-31 13:43:05,889 | INFO | [INFO] Публікацію 'Мистецтво війни' видалено з бібліотеки.
2025-05-31 13:43:05,891 | INFO | [INFO] Бібліотека збережена у файл 'library.json'.
2025-05-31 13:43:05,912 | INFO | [INFO] Бібліотека завантажена з файлу 'library.json'.
2025-05-31 13:43:05,912 | WARNING | [WARNING] Публікація 'Мистецтво війни' не знайдена в бібліотеці.
2025-05-31 13:43:05,914 | INFO | [INFO] Бібліотека збережена у файл 'library.json'.
2025-05-31 13:43:05,915 | INFO | [INFO] Завершено роботу з файлом бібліотеки.
2025-05-31 13:43:05,916 | INFO | [LOG] Додаємо публікацію: Мистецтво війни
2025-05-31 13:43:05,917 | INFO | [INFO] Бібліотека збережена у файл 'library.json'.
2025-05-31 13:43:05,934 | INFO | [INFO] Бібліотека завантажена з файлу 'library.json'.
2025-05-31 13:43:05,937 | INFO | [INFO] Бібліотека збережена у файл 'library.json'.
2025-05-31 13:43:05,937 | INFO | [INFO] Завершено роботу з файлом бібліотеки.
2025-05-31 14:26:57,346 | INFO | [LOG] Додаємо публікацію: Мистецтво війни
2025-05-31 14:26:57,346 | INFO | [LOG] Додаємо публікацію: Науковий журнал
2025-05-31 14:26:57,347 | INFO | [LOG] Додаємо публікацію: Берестечко
2025-05-31 14:26:57,347 | INFO | [LOG] Додаємо публікацію: Сад нетанучих скульптур
2025-05-31 14:26:57,347 | INFO | [INFO] Публікацію 'Мистецтво війни' видалено з бібліотеки.
2025-05-31 14:26:57,352 | INFO | [INFO] Бібліотека збережена у файл 'library.json'.
2025-05-31 14:26:57,362 | INFO | [INFO] Бібліотека завантажена з файлу 'library.json'.
2025-05-31 14:26:57,362 | WARNING | [WARNING] Публікація 'Мистецтво війни' не знайдена в бібліотеці.
2025-05-31 14:26:57,367 | INFO | [INFO] Бібліотека збережена у файл 'library.json'.
2025-05-31 14:26:57,368 | INFO | [INFO] Завершено роботу з файлом бібліотеки.
2025-05-31 14:26:57,370 | INFO | [LOG] Додаємо публікацію: Мистецтво війни
2025-05-31 14:26:57,376 | INFO | [INFO] Бібліотека збережена у файл 'library.json'.
2025-05-31 14:26:57,380 | INFO | [INFO] Бібліотека завантажена з файлу 'library.json'.
2025-05-31 14:26:57,384 | INFO | [INFO] Бібліотека збережена у файл 'library.json'.
2025-05-31 14:26:57,384 | INFO | [INFO] Завершено роботу з файлом бібліотеки.
